This is pdfTeX, Version 3.1415926-2.3-1.40.12 (MiKTeX 2.9) (preloaded format=pdflatex 2013.8.10)  9 MAR 2015 16:54
entering extended mode
**thesis.tex
(E:\Thesis\MasterThesis\thesis.tex
LaTeX2e <2011/06/27>
Babel <v3.8m> and hyphenation patterns for loaded.
("D:\Program Files (x86)\CTEX\MiKTeX\tex\latex\base\book.cls"
Document Class: book 2007/10/19 v1.4h Standard LaTeX document class
("D:\Program Files (x86)\CTEX\MiKTeX\tex\latex\base\bk12.clo"
File: bk12.clo 2007/10/19 v1.4h Standard LaTeX file (size option)
)
\c@part=\count79
\c@chapter=\count80
\c@section=\count81
\c@subsection=\count82
\c@subsubsection=\count83
\c@paragraph=\count84
\c@subparagraph=\count85
\c@figure=\count86
\c@table=\count87
\abovecaptionskip=\skip41
\belowcaptionskip=\skip42
\bibindent=\dimen102
)
("D:\Program Files (x86)\CTEX\MiKTeX\tex\latex\geometry\geometry.sty"
Package: geometry 2010/09/12 v5.6 Page Geometry

("D:\Program Files (x86)\CTEX\MiKTeX\tex\latex\graphics\keyval.sty"
Package: keyval 1999/03/16 v1.13 key=value parser (DPC)
\KV@toks@=\toks14
)
("D:\Program Files (x86)\CTEX\MiKTeX\tex\generic\oberdiek\ifpdf.sty"
Package: ifpdf 2011/01/30 v2.3 Provides the ifpdf switch (HO)
Package ifpdf Info: pdfTeX in PDF mode is detected.
)
("D:\Program Files (x86)\CTEX\MiKTeX\tex\generic\oberdiek\ifvtex.sty"
Package: ifvtex 2010/03/01 v1.5 Switches for detecting VTeX and its modes (HO)
Package ifvtex Info: VTeX not detected.
)
("D:\Program Files (x86)\CTEX\MiKTeX\tex\generic\ifxetex\ifxetex.sty"
Package: ifxetex 2010/09/12 v0.6 Provides ifxetex conditional
)
\Gm@cnth=\count88
\Gm@cntv=\count89
\c@Gm@tempcnt=\count90
\Gm@bindingoffset=\dimen103
\Gm@wd@mp=\dimen104
\Gm@odd@mp=\dimen105
\Gm@even@mp=\dimen106
\Gm@layoutwidth=\dimen107
\Gm@layoutheight=\dimen108
\Gm@layouthoffset=\dimen109
\Gm@layoutvoffset=\dimen110
\Gm@dimlist=\toks15

("D:\Program Files (x86)\CTEX\MiKTeX\tex\latex\geometry\geometry.cfg"))
("D:\Program Files (x86)\CTEX\MiKTeX\tex\latex\amsfonts\amsfonts.sty"
Package: amsfonts 2009/06/22 v3.00 Basic AMSFonts support
\@emptytoks=\toks16
\symAMSa=\mathgroup4
\symAMSb=\mathgroup5
LaTeX Font Info:    Overwriting math alphabet `\mathfrak' in version `bold'
(Font)                  U/euf/m/n --> U/euf/b/n on input line 96.
)
("D:\Program Files (x86)\CTEX\MiKTeX\tex\latex\amsfonts\amssymb.sty"
Package: amssymb 2009/06/22 v3.00
)
("D:\Program Files (x86)\CTEX\MiKTeX\tex\latex\ams\math\amsmath.sty"
Package: amsmath 2000/07/18 v2.13 AMS math features
\@mathmargin=\skip43

For additional information on amsmath, use the `?' option.
("D:\Program Files (x86)\CTEX\MiKTeX\tex\latex\ams\math\amstext.sty"
Package: amstext 2000/06/29 v2.01

("D:\Program Files (x86)\CTEX\MiKTeX\tex\latex\ams\math\amsgen.sty"
File: amsgen.sty 1999/11/30 v2.0
\@emptytoks=\toks17
\ex@=\dimen111
))
("D:\Program Files (x86)\CTEX\MiKTeX\tex\latex\ams\math\amsbsy.sty"
Package: amsbsy 1999/11/29 v1.2d
\pmbraise@=\dimen112
)
("D:\Program Files (x86)\CTEX\MiKTeX\tex\latex\ams\math\amsopn.sty"
Package: amsopn 1999/12/14 v2.01 operator names
)
\inf@bad=\count91
LaTeX Info: Redefining \frac on input line 211.
\uproot@=\count92
\leftroot@=\count93
LaTeX Info: Redefining \overline on input line 307.
\classnum@=\count94
\DOTSCASE@=\count95
LaTeX Info: Redefining \ldots on input line 379.
LaTeX Info: Redefining \dots on input line 382.
LaTeX Info: Redefining \cdots on input line 467.
\Mathstrutbox@=\box26
\strutbox@=\box27
\big@size=\dimen113
LaTeX Font Info:    Redeclaring font encoding OML on input line 567.
LaTeX Font Info:    Redeclaring font encoding OMS on input line 568.
\macc@depth=\count96
\c@MaxMatrixCols=\count97
\dotsspace@=\muskip10
\c@parentequation=\count98
\dspbrk@lvl=\count99
\tag@help=\toks18
\row@=\count100
\column@=\count101
\maxfields@=\count102
\andhelp@=\toks19
\eqnshift@=\dimen114
\alignsep@=\dimen115
\tagshift@=\dimen116
\tagwidth@=\dimen117
\totwidth@=\dimen118
\lineht@=\dimen119
\@envbody=\toks20
\multlinegap=\skip44
\multlinetaggap=\skip45
\mathdisplay@stack=\toks21
LaTeX Info: Redefining \[ on input line 2666.
LaTeX Info: Redefining \] on input line 2667.
)
("D:\Program Files (x86)\CTEX\MiKTeX\tex\latex\subfigure\subfigure.sty"
Package: subfigure 2002/07/30 v2.1.4 subfigure package
\subfigtopskip=\skip46
\subfigcapskip=\skip47
\subfigcaptopadj=\dimen120
\subfigbottomskip=\skip48
\subfigcapmargin=\dimen121
\subfiglabelskip=\skip49
\c@subfigure=\count103
\c@lofdepth=\count104
\c@subtable=\count105
\c@lotdepth=\count106

****************************************
* Local config file subfigure.cfg used *
****************************************
("D:\Program Files (x86)\CTEX\MiKTeX\tex\latex\subfigure\subfigure.cfg")
\subfig@top=\skip50
\subfig@bottom=\skip51
)
("D:\Program Files (x86)\CTEX\MiKTeX\tex\latex\jknappen\mathrsfs.sty"
Package: mathrsfs 1996/01/01 Math RSFS package v1.0 (jk)
\symrsfs=\mathgroup6
)
("D:\Program Files (x86)\CTEX\MiKTeX\tex\latex\algorithms\algorithm.sty"
Package: algorithm 2009/08/24 v0.1 Document Style `algorithm' - floating enviro
nment

("D:\Program Files (x86)\CTEX\MiKTeX\tex\latex\float\float.sty"
Package: float 2001/11/08 v1.3d Float enhancements (AL)
\c@float@type=\count107
\float@exts=\toks22
\float@box=\box28
\@float@everytoks=\toks23
\@floatcapt=\box29
)
("D:\Program Files (x86)\CTEX\MiKTeX\tex\latex\base\ifthen.sty"
Package: ifthen 2001/05/26 v1.1c Standard LaTeX ifthen package (DPC)
)
\@float@every@algorithm=\toks24
\c@algorithm=\count108
)
("D:\Program Files (x86)\CTEX\MiKTeX\tex\latex\graphics\graphicx.sty"
Package: graphicx 1999/02/16 v1.0f Enhanced LaTeX Graphics (DPC,SPQR)

("D:\Program Files (x86)\CTEX\MiKTeX\tex\latex\graphics\graphics.sty"
Package: graphics 2009/02/05 v1.0o Standard LaTeX Graphics (DPC,SPQR)

("D:\Program Files (x86)\CTEX\MiKTeX\tex\latex\graphics\trig.sty"
Package: trig 1999/03/16 v1.09 sin cos tan (DPC)
)
("D:\Program Files (x86)\CTEX\MiKTeX\tex\latex\00miktex\graphics.cfg"
File: graphics.cfg 2007/01/18 v1.5 graphics configuration of teTeX/TeXLive
)
Package graphics Info: Driver file: dvips.def on input line 91.

("D:\Program Files (x86)\CTEX\MiKTeX\tex\latex\graphics\dvips.def"
File: dvips.def 1999/02/16 v3.0i Driver-dependant file (DPC,SPQR)
))
\Gin@req@height=\dimen122
\Gin@req@width=\dimen123
)
(E:\Thesis\MasterThesis\thesis.sty
("D:\Program Files (x86)\CTEX\MiKTeX\tex\latex\cjk\CJK.sty"
Package: CJK 2008/12/29 4.8.2

("D:\Program Files (x86)\CTEX\MiKTeX\tex\latex\cjk\mule\MULEenc.sty"
Package: MULEenc 2008/12/29 4.8.2
)
("D:\Program Files (x86)\CTEX\MiKTeX\tex\latex\cjk\CJK.enc"
File: CJK.enc 2008/12/29 4.8.2
)
LaTeX Info: Redefining \selectfont on input line 756.
\CJK@indent=\box30
)
("D:\Program Files (x86)\CTEX\CTeX\tex\latex\CJKpunct\CJKpunct.sty"
Package: CJKpunct 2010/02/21 4.8.2-2
\CJKpunct@cnta=\count109
\CJKpunct@cntb=\count110
\CJKpunct@cntc=\count111
\CJKpunct@cntd=\count112
\CJKpunct@cnte=\count113

("D:\Program Files (x86)\CTEX\CTeX\tex\latex\CJKpunct\CJKpunct.spa"))
("D:\Program Files (x86)\CTEX\MiKTeX\tex\latex\cjk\CJKnumb.sty"
Package: CJKnumb 2008/12/29 4.8.2
\CJK@q=\count114
\CJK@r=\count115
)
("D:\Program Files (x86)\CTEX\MiKTeX\tex\latex\fancyhdr\fancyhdr.sty"
\fancy@headwidth=\skip52
\f@ncyO@elh=\skip53
\f@ncyO@erh=\skip54
\f@ncyO@olh=\skip55
\f@ncyO@orh=\skip56
\f@ncyO@elf=\skip57
\f@ncyO@erf=\skip58
\f@ncyO@olf=\skip59
\f@ncyO@orf=\skip60
)
("D:\Program Files (x86)\CTEX\MiKTeX\tex\latex\titlesec\titlesec.sty"
Package: titlesec 2011/12/15 v2.10.0 Sectioning titles
\ttl@box=\box31
\beforetitleunit=\skip61
\aftertitleunit=\skip62
\ttl@plus=\dimen124
\ttl@minus=\dimen125
\ttl@toksa=\toks25
\titlewidth=\dimen126
\titlewidthlast=\dimen127
\titlewidthfirst=\dimen128
)
("D:\Program Files (x86)\CTEX\MiKTeX\tex\latex\tools\indentfirst.sty"
Package: indentfirst 1995/11/23 v1.03 Indent first paragraph (DPC)
)
("D:\Program Files (x86)\CTEX\MiKTeX\tex\latex\titlesec\titletoc.sty"
Package: titletoc 2011/12/15 v1.6 TOC entries
\ttl@leftsep=\dimen129
)
("D:\Program Files (x86)\CTEX\MiKTeX\tex\latex\cjk\standard.bdg"
File: standard.bdg 2008/12/29 4.8.2
)
("D:\Program Files (x86)\CTEX\MiKTeX\tex\latex\cjk\extended.enc"
File: extended.enc 2008/12/29 4.8.2
)
("D:\Program Files (x86)\CTEX\MiKTeX\tex\latex\cjk\extended.chr"
File: extended.chr 2008/12/29 4.8.2
)
\c@thm=\count116
\c@lem=\count117
\c@prop=\count118
\c@defn=\count119
\c@exam=\count120


Package Fancyhdr Warning: \fancyhead's `E' option without twoside option is use
less on input line 70.

) ("D:\Program Files (x86)\CTEX\MiKTeX\tex\latex\graphics\color.sty"
Package: color 2005/11/14 v1.0j Standard LaTeX Color (DPC)

("D:\Program Files (x86)\CTEX\MiKTeX\tex\latex\00miktex\color.cfg"
File: color.cfg 2007/01/18 v1.5 color configuration of teTeX/TeXLive
)
Package color Info: Driver file: pdftex.def on input line 130.

("D:\Program Files (x86)\CTEX\MiKTeX\tex\latex\pdftex-def\pdftex.def"
File: pdftex.def 2011/05/27 v0.06d Graphics/color for pdfTeX

("D:\Program Files (x86)\CTEX\MiKTeX\tex\generic\oberdiek\infwarerr.sty"
Package: infwarerr 2010/04/08 v1.3 Providing info/warning/message (HO)
)
("D:\Program Files (x86)\CTEX\MiKTeX\tex\generic\oberdiek\ltxcmds.sty"
Package: ltxcmds 2011/04/18 v1.20 LaTeX kernel commands for general use (HO)
)
\Gread@gobject=\count121
))
("D:\Program Files (x86)\CTEX\MiKTeX\tex\latex\algorithmicx\algpseudocode.sty"
Package: algpseudocode 

("D:\Program Files (x86)\CTEX\MiKTeX\tex\latex\algorithmicx\algorithmicx.sty"
Package: algorithmicx 2005/04/27 v1.2 Algorithmicx

Document Style algorithmicx 1.2 - a greatly improved `algorithmic' style
\c@ALG@line=\count122
\c@ALG@rem=\count123
\c@ALG@nested=\count124
\ALG@tlm=\skip63
\ALG@thistlm=\skip64
\c@ALG@Lnr=\count125
\c@ALG@blocknr=\count126
\c@ALG@storecount=\count127
\c@ALG@tmpcounter=\count128
\ALG@tmplength=\skip65
)
Document Style - pseudocode environments for use with the `algorithmicx' style
) ("D:\Program Files (x86)\CTEX\MiKTeX\tex\latex\oberdiek\epstopdf.sty"
Package: epstopdf 2010/02/09 v2.5 Conversion with epstopdf on the fly (HO)

("D:\Program Files (x86)\CTEX\MiKTeX\tex\latex\oberdiek\epstopdf-base.sty"
Package: epstopdf-base 2010/02/09 v2.5 Base part for package epstopdf

("D:\Program Files (x86)\CTEX\MiKTeX\tex\latex\oberdiek\grfext.sty"
Package: grfext 2010/08/19 v1.1 Managing graphics extensions (HO)

("D:\Program Files (x86)\CTEX\MiKTeX\tex\generic\oberdiek\kvdefinekeys.sty"
Package: kvdefinekeys 2011/04/07 v1.3 Defining keys (HO)
))
("D:\Program Files (x86)\CTEX\MiKTeX\tex\latex\oberdiek\kvoptions.sty"
Package: kvoptions 2010/12/23 v3.10 Keyval support for LaTeX options (HO)

("D:\Program Files (x86)\CTEX\MiKTeX\tex\generic\oberdiek\kvsetkeys.sty"
Package: kvsetkeys 2011/04/07 v1.13 Key value parser (HO)

("D:\Program Files (x86)\CTEX\MiKTeX\tex\generic\oberdiek\etexcmds.sty"
Package: etexcmds 2011/02/16 v1.5 Prefix for e-TeX command names (HO)

("D:\Program Files (x86)\CTEX\MiKTeX\tex\generic\oberdiek\ifluatex.sty"
Package: ifluatex 2010/03/01 v1.3 Provides the ifluatex switch (HO)
Package ifluatex Info: LuaTeX not detected.
)
Package etexcmds Info: Could not find \expanded.
(etexcmds)             That can mean that you are not using pdfTeX 1.50 or
(etexcmds)             that some package has redefined \expanded.
(etexcmds)             In the latter case, load this package earlier.
)))
("D:\Program Files (x86)\CTEX\MiKTeX\tex\generic\oberdiek\pdftexcmds.sty"
Package: pdftexcmds 2011/04/22 v0.16 Utilities of pdfTeX for LuaTeX (HO)
Package pdftexcmds Info: LuaTeX not detected.
Package pdftexcmds Info: \pdf@primitive is available.
Package pdftexcmds Info: \pdf@ifprimitive is available.
Package pdftexcmds Info: \pdfdraftmode found.
)
Package epstopdf-base Info: Redefining graphics rule for `.eps' on input line 4
34.
Package grfext Info: Graphics extension search list:
(grfext)             [.png,.pdf,.jpg,.mps,.jpeg,.jbig2,.jb2,.PNG,.PDF,.JPG,.JPE
G,.JBIG2,.JB2,.eps]
(grfext)             \AppendGraphicsExtensions on input line 452.
))
("D:\Program Files (x86)\CTEX\MiKTeX\tex\latex\multirow\multirow.sty"
\bigstrutjot=\dimen130
)
("D:\Program Files (x86)\CTEX\MiKTeX\tex\latex\pdfpages\pdfpages.sty"
Package: pdfpages 2011/03/10 v0.4n Insert pages of external PDF documents (AM)

("D:\Program Files (x86)\CTEX\MiKTeX\tex\latex\tools\calc.sty"
Package: calc 2007/08/22 v4.3 Infix arithmetic (KKT,FJ)
\calc@Acount=\count129
\calc@Bcount=\count130
\calc@Adimen=\dimen131
\calc@Bdimen=\dimen132
\calc@Askip=\skip66
\calc@Bskip=\skip67
LaTeX Info: Redefining \setlength on input line 76.
LaTeX Info: Redefining \addtolength on input line 77.
\calc@Ccount=\count131
\calc@Cskip=\skip68
)
("D:\Program Files (x86)\CTEX\MiKTeX\tex\latex\eso-pic\eso-pic.sty"
Package: eso-pic 2010/10/06 v2.0c eso-pic (RN)

("D:\Program Files (x86)\CTEX\MiKTeX\tex\generic\oberdiek\atbegshi.sty"
Package: atbegshi 2011/01/30 v1.15 At begin shipout hook (HO)
))
("D:\Program Files (x86)\CTEX\MiKTeX\tex\latex\pdfpages\pppdftex.def"
File: pppdftex.def 2011/03/10 v0.4n Pdfpages driver for pdfTeX (AM)
)
\AM@pagebox=\box32
\AM@toc@title=\toks26
\c@AM@survey=\count132
\AM@templatesizebox=\box33
)
("D:\Program Files (x86)\CTEX\CTeX\tex\latex\ccmap\ccmap.sty"
Package: ccmap 2006/11/18
\CCT@hooka@@=\toks27
)
\c@Definition=\count133
\c@Lemma=\count134
\c@Theorem=\count135
\c@Example=\count136
\c@Rule=\count137
\c@proposition=\count138

(E:\Thesis\MasterThesis\thesis.aux (E:\Thesis\MasterThesis\abstract.aux)
(E:\Thesis\MasterThesis\eabstract.aux) (E:\Thesis\MasterThesis\introduction.aux
) (E:\Thesis\MasterThesis\relatedwork.aux)
(E:\Thesis\MasterThesis\problemoverview.aux

LaTeX Warning: Label `table:symbol' multiply defined.

) (E:\Thesis\MasterThesis\pp2hop.aux) (E:\Thesis\MasterThesis\muihop.aux)
(E:\Thesis\MasterThesis\conclusion.aux) (E:\Thesis\MasterThesis\paper.aux)
(E:\Thesis\MasterThesis\ack.aux))
LaTeX Font Info:    Checking defaults for OML/cmm/m/it on input line 90.
LaTeX Font Info:    ... okay on input line 90.
LaTeX Font Info:    Checking defaults for T1/cmr/m/n on input line 90.
LaTeX Font Info:    ... okay on input line 90.
LaTeX Font Info:    Checking defaults for OT1/cmr/m/n on input line 90.
LaTeX Font Info:    ... okay on input line 90.
LaTeX Font Info:    Checking defaults for OMS/cmsy/m/n on input line 90.
LaTeX Font Info:    ... okay on input line 90.
LaTeX Font Info:    Checking defaults for OMX/cmex/m/n on input line 90.
LaTeX Font Info:    ... okay on input line 90.
LaTeX Font Info:    Checking defaults for U/cmr/m/n on input line 90.
LaTeX Font Info:    ... okay on input line 90.
LaTeX Font Info:    Checking defaults for C00/song/m/n on input line 90.
LaTeX Font Info:    ... okay on input line 90.
LaTeX Font Info:    Checking defaults for C05/song/m/n on input line 90.
LaTeX Font Info:    ... okay on input line 90.
LaTeX Font Info:    Checking defaults for C09/song/m/n on input line 90.
LaTeX Font Info:    ... okay on input line 90.
LaTeX Font Info:    Checking defaults for C10/song/m/n on input line 90.
LaTeX Font Info:    ... okay on input line 90.
LaTeX Font Info:    Checking defaults for C20/song/m/n on input line 90.
LaTeX Font Info:    ... okay on input line 90.
LaTeX Font Info:    Checking defaults for C19/song/m/n on input line 90.
LaTeX Font Info:    ... okay on input line 90.
LaTeX Font Info:    Checking defaults for C40/song/m/n on input line 90.
LaTeX Font Info:    ... okay on input line 90.
LaTeX Font Info:    Checking defaults for C42/song/m/n on input line 90.
LaTeX Font Info:    ... okay on input line 90.
LaTeX Font Info:    Checking defaults for C43/song/m/n on input line 90.
LaTeX Font Info:    ... okay on input line 90.
LaTeX Font Info:    Checking defaults for C50/song/m/n on input line 90.
LaTeX Font Info:    ... okay on input line 90.
LaTeX Font Info:    Checking defaults for C52/song/m/n on input line 90.
LaTeX Font Info:    ... okay on input line 90.
LaTeX Font Info:    Checking defaults for C49/song/m/n on input line 90.
LaTeX Font Info:    ... okay on input line 90.
LaTeX Font Info:    Checking defaults for C60/mj/m/n on input line 90.
LaTeX Font Info:    ... okay on input line 90.
LaTeX Font Info:    Checking defaults for C61/mj/m/n on input line 90.
LaTeX Font Info:    ... okay on input line 90.
LaTeX Font Info:    Checking defaults for C63/mj/m/n on input line 90.
LaTeX Font Info:    ... okay on input line 90.
LaTeX Font Info:    Checking defaults for C64/mj/m/n on input line 90.
LaTeX Font Info:    ... okay on input line 90.
LaTeX Font Info:    Checking defaults for C65/mj/m/n on input line 90.
LaTeX Font Info:    ... okay on input line 90.
LaTeX Font Info:    Checking defaults for C70/song/m/n on input line 90.
LaTeX Font Info:    ... okay on input line 90.
LaTeX Font Info:    Checking defaults for C31/song/m/n on input line 90.
LaTeX Font Info:    ... okay on input line 90.
LaTeX Font Info:    Checking defaults for C32/song/m/n on input line 90.
LaTeX Font Info:    ... okay on input line 90.
LaTeX Font Info:    Checking defaults for C33/song/m/n on input line 90.
LaTeX Font Info:    ... okay on input line 90.
LaTeX Font Info:    Checking defaults for C34/song/m/n on input line 90.
LaTeX Font Info:    ... okay on input line 90.
LaTeX Font Info:    Checking defaults for C35/song/m/n on input line 90.
LaTeX Font Info:    ... okay on input line 90.
LaTeX Font Info:    Checking defaults for C36/song/m/n on input line 90.
LaTeX Font Info:    ... okay on input line 90.
LaTeX Font Info:    Checking defaults for C37/song/m/n on input line 90.
LaTeX Font Info:    ... okay on input line 90.
LaTeX Font Info:    Checking defaults for C80/song/m/n on input line 90.
LaTeX Font Info:    ... okay on input line 90.
LaTeX Font Info:    Checking defaults for C81/song/m/n on input line 90.
LaTeX Font Info:    ... okay on input line 90.
LaTeX Font Info:    Checking defaults for C01/song/m/n on input line 90.
LaTeX Font Info:    ... okay on input line 90.
LaTeX Font Info:    Checking defaults for C11/song/m/n on input line 90.
LaTeX Font Info:    ... okay on input line 90.
LaTeX Font Info:    Checking defaults for C21/song/m/n on input line 90.
LaTeX Font Info:    ... okay on input line 90.
LaTeX Font Info:    Checking defaults for C41/song/m/n on input line 90.
LaTeX Font Info:    ... okay on input line 90.
LaTeX Font Info:    Checking defaults for C62/song/m/n on input line 90.
LaTeX Font Info:    ... okay on input line 90.

*geometry* driver: auto-detecting
*geometry* detected driver: pdftex
*geometry* verbose mode - [ preamble ] result:
* driver: pdftex
* paper: a4paper
* layout: <same size as paper>
* layoutoffset:(h,v)=(0.0pt,0.0pt)
* modes: 
* h-part:(L,W,R)=(90.3375pt, 416.83289pt, 90.3375pt)
* v-part:(T,H,B)=(72.26999pt, 700.50687pt, 72.26999pt)
* \paperwidth=597.50787pt
* \paperheight=845.04684pt
* \textwidth=416.83289pt
* \textheight=700.50687pt
* \oddsidemargin=18.0675pt
* \evensidemargin=18.0675pt
* \topmargin=-31.8738pt
* \headheight=12.0pt
* \headsep=19.8738pt
* \topskip=12.0pt
* \footskip=30.0pt
* \marginparwidth=38.0pt
* \marginparsep=7.0pt
* \columnsep=10.0pt
* \skip\footins=10.8pt plus 4.0pt minus 2.0pt
* \hoffset=0.0pt
* \voffset=0.0pt
* \mag=1000
* \@twocolumnfalse
* \@twosidefalse
* \@mparswitchfalse
* \@reversemarginfalse
* (1in=72.27pt=25.4mm, 1cm=28.453pt)

("D:\Program Files (x86)\CTEX\MiKTeX\tex\context\base\supp-pdf.mkii"
[Loading MPS to PDF converter (version 2006.09.02).]
\scratchcounter=\count139
\scratchdimen=\dimen133
\scratchbox=\box34
\nofMPsegments=\count140
\nofMParguments=\count141
\everyMPshowfont=\toks28
\MPscratchCnt=\count142
\MPscratchDim=\dimen134
\MPnumerator=\count143
\makeMPintoPDFobject=\count144
\everyMPtoPDFconversion=\toks29
)
\AtBeginShipoutBox=\box35
 <cover.pdf, id=3, page=1, 597.55246pt x 845.07718pt>
File: cover.pdf Graphic file (type pdf)
 <use cover.pdf, page 1>
Package pdftex.def Info: cover.pdf, page1 used on input line 91.
(pdftex.def)             Requested size: 597.551pt x 845.07512pt.
File: cover.pdf Graphic file (type pdf)

<use cover.pdf, page 1>
Package pdftex.def Info: cover.pdf, page1 used on input line 91.
(pdftex.def)             Requested size: 597.57834pt x 845.1138pt.
File: cover.pdf Graphic file (type pdf)
 <use cover.pdf, page 1>
Package pdftex.def Info: cover.pdf, page1 used on input line 91.
(pdftex.def)             Requested size: 597.57834pt x 845.1138pt.
File: cover.pdf Graphic file (type pdf)
 <use cover.pdf, page 1>
Package pdftex.def Info: cover.pdf, page1 used on input line 91.
(pdftex.def)             Requested size: 597.57834pt x 845.1138pt.
File: cover.pdf Graphic file (type pdf)

<use cover.pdf, page 1>
Package pdftex.def Info: cover.pdf, page1 used on input line 91.
(pdftex.def)             Requested size: 597.57834pt x 845.1138pt.
 [1

 <E:/Thesis/MasterThesis/cover.pdf>]<<c1925.cmap>>
Package CJKpunct Info: use punctuation spaces for family 'song' with punctstyle
 (quanjiao) on input line 94.
<<ot1.cmap>><<c1964.cmap>><<c1940.cmap>><<c1960.cmap>><<c1965.cmap>><<c1938.cma
p>><<c1963.cmap>><<c1950.cmap>><<c1939.cmap>><<c1956.cmap>><<c1942.cmap>><<c194
6.cmap>><<c1955.cmap>> [1

{D:/Program Files (x86)/CTEX/UserData/pdftex/config/pdftex.map{Unicode.sfd}{UGB
K.sfd}}]
LaTeX Font Info:    Try loading font information for C19+hei on input line 115.


("D:\Program Files (x86)\CTEX\CTeX\tex\latex\CJK\GB\c19hei.fd"
File: c19hei.fd 2009/09/23 4.8.2
)<<c1951.cmap>><<c1949.cmap>> (E:\Thesis\MasterThesis\thesis.toc<<c1961.cmap>><
<oml.cmap>><<oms.cmap>><<omx.cmap>>
LaTeX Font Info:    Try loading font information for U+msa on input line 1.

("D:\Program Files (x86)\CTEX\MiKTeX\tex\latex\amsfonts\umsa.fd"
File: umsa.fd 2009/06/22 v3.00 AMS symbols A
)

LaTeX Warning: File u.cmap not found on input line 1.

LaTeX Font Info:    Try loading font information for U+msb on input line 1.
("D:\Program Files (x86)\CTEX\MiKTeX\tex\latex\amsfonts\umsb.fd"
File: umsb.fd 2009/06/22 v3.00 AMS symbols B
)
LaTeX Font Info:    Try loading font information for U+rsfs on input line 1.

("D:\Program Files (x86)\CTEX\MiKTeX\tex\latex\jknappen\ursfs.fd"
File: ursfs.fd 1998/03/24 rsfs font definition file (jk)
)<<c1937.cmap>><<c1943.cmap>><<c1954.cmap>><<c1958.cmap>><<c1959.cmap>><<c1941.
cmap>><<c1957.cmap>><<c1947.cmap>><<c1944.cmap>><<c1962.cmap>><<c1948.cmap>><<c
1945.cmap>>

Package Fancyhdr Warning: \headheight is too small (12.0pt): 
 Make it at least 16.72504pt.
 We now make it that large for the rest of the document.
 This may cause the page layout to be inconsistent, however.

[1

]<<c1952.cmap>>)
\tf@toc=\write3


Package Fancyhdr Warning: \headheight is too small (12.0pt): 
 Make it at least 16.72504pt.
 We now make it that large for the rest of the document.
 This may cause the page layout to be inconsistent, however.

[2] (E:\Thesis\MasterThesis\abstract.tex<<c1926.cmap>><<c1953.cmap>><<c1936.cma
p>>)

Package Fancyhdr Warning: \headheight is too small (12.0pt): 
 Make it at least 16.72504pt.
 We now make it that large for the rest of the document.
 This may cause the page layout to be inconsistent, however.

[1


] (E:\Thesis\MasterThesis\eabstract.tex)

Package Fancyhdr Warning: \headheight is too small (12.0pt): 
 Make it at least 16.72504pt.
 We now make it that large for the rest of the document.
 This may cause the page layout to be inconsistent, however.

[2



] (E:\Thesis\MasterThesis\introduction.tex
µ⁄\CJKnumber {1}’¬ 1.
Package epstopdf Info: Source file: <example/system.eps>
(epstopdf)                    date: 2013-05-17 17:44:34
(epstopdf)                    size: 161982 bytes
(epstopdf)             Output file: <example/system-eps-converted-to.pdf>
(epstopdf)                    date: 2014-04-13 16:14:49
(epstopdf)                    size: 97138 bytes
(epstopdf)             Command: <epstopdf --outfile=example/system-eps-converte
d-to.pdf example/system.eps>
(epstopdf)             \includegraphics on input line 11.
Package epstopdf Info: Output file is already uptodate.
<example/system-eps-converted-to.pdf, id=205, 255.95625pt x 92.345pt>
File: example/system-eps-converted-to.pdf Graphic file (type pdf)

<use example/system-eps-converted-to.pdf>
Package pdftex.def Info: example/system-eps-converted-to.pdf used on input line
 11.
(pdftex.def)             Requested size: 284.5444pt x 113.81192pt.


Package Fancyhdr Warning: \headheight is too small (12.0pt): 
 Make it at least 16.72504pt.
 We now make it that large for the rest of the document.
 This may cause the page layout to be inconsistent, however.

[3



 <E:/Thesis/MasterThesis/example/system-eps-converted-to.pdf>]

Package Fancyhdr Warning: \headheight is too small (12.0pt): 
 Make it at least 16.72504pt.
 We now make it that large for the rest of the document.
 This may cause the page layout to be inconsistent, however.

[4]
LaTeX Font Info:    Try loading font information for OMS+cmr on input line 39.
 ("D:\Program Files (x86)\CTEX\MiKTeX\tex\latex\base\omscmr.fd"
File: omscmr.fd 1999/05/25 v2.5h Standard LaTeX font definitions
)
LaTeX Font Info:    Font shape `OMS/cmr/m/n' in size <12> not available
(Font)              Font shape `OMS/cmsy/m/n' tried instead on input line 39.


Package Fancyhdr Warning: \headheight is too small (12.0pt): 
 Make it at least 16.72504pt.
 We now make it that large for the rest of the document.
 This may cause the page layout to be inconsistent, however.

[5])

Package Fancyhdr Warning: \headheight is too small (12.0pt): 
 Make it at least 16.72504pt.
 We now make it that large for the rest of the document.
 This may cause the page layout to be inconsistent, however.

[6] (E:\Thesis\MasterThesis\relatedwork.tex
µ⁄\CJKnumber {2}’¬ 2.

Package Fancyhdr Warning: \headheight is too small (12.0pt): 
 Make it at least 16.72504pt.
 We now make it that large for the rest of the document.
 This may cause the page layout to be inconsistent, however.

[7



]

Package Fancyhdr Warning: \headheight is too small (12.0pt): 
 Make it at least 16.72504pt.
 We now make it that large for the rest of the document.
 This may cause the page layout to be inconsistent, however.

[8]

Package Fancyhdr Warning: \headheight is too small (12.0pt): 
 Make it at least 16.72504pt.
 We now make it that large for the rest of the document.
 This may cause the page layout to be inconsistent, however.

[9]
Overfull \hbox (15.2793pt too wide) in paragraph at lines 41--65
 [][] 
 []


Package Fancyhdr Warning: \headheight is too small (12.0pt): 
 Make it at least 16.72504pt.
 We now make it that large for the rest of the document.
 This may cause the page layout to be inconsistent, however.

[10]

Package Fancyhdr Warning: \headheight is too small (12.0pt): 
 Make it at least 16.72504pt.
 We now make it that large for the rest of the document.
 This may cause the page layout to be inconsistent, however.

[11]

Package Fancyhdr Warning: \headheight is too small (12.0pt): 
 Make it at least 16.72504pt.
 We now make it that large for the rest of the document.
 This may cause the page layout to be inconsistent, however.

[12])

Package Fancyhdr Warning: \headheight is too small (12.0pt): 
 Make it at least 16.72504pt.
 We now make it that large for the rest of the document.
 This may cause the page layout to be inconsistent, however.

[13] (E:\Thesis\MasterThesis\problemoverview.tex
µ⁄\CJKnumber {3}’¬ 3.

Package Fancyhdr Warning: \headheight is too small (12.0pt): 
 Make it at least 16.72504pt.
 We now make it that large for the rest of the document.
 This may cause the page layout to be inconsistent, however.

[14



]
Package epstopdf Info: Source file: <example/graph.eps>
(epstopdf)                    date: 2013-05-17 12:14:56
(epstopdf)                    size: 53698 bytes
(epstopdf)             Output file: <example/graph-eps-converted-to.pdf>
(epstopdf)                    date: 2014-03-20 16:10:03
(epstopdf)                    size: 9423 bytes
(epstopdf)             Command: <epstopdf --outfile=example/graph-eps-converted
-to.pdf example/graph.eps>
(epstopdf)             \includegraphics on input line 68.
Package epstopdf Info: Output file is already uptodate.
 <example/graph-eps-converted-to.pdf, id=298, 163.61125pt x 67.25125pt>
File: example/graph-eps-converted-to.pdf Graphic file (type pdf)

<use example/graph-eps-converted-to.pdf>
Package pdftex.def Info: example/graph-eps-converted-to.pdf used on input line 
68.
(pdftex.def)             Requested size: 284.55643pt x 113.81248pt.


Package Fancyhdr Warning: \headheight is too small (12.0pt): 
 Make it at least 16.72504pt.
 We now make it that large for the rest of the document.
 This may cause the page layout to be inconsistent, however.

[15]

Package Fancyhdr Warning: \headheight is too small (12.0pt): 
 Make it at least 16.72504pt.
 We now make it that large for the rest of the document.
 This may cause the page layout to be inconsistent, however.

[16 <E:/Thesis/MasterThesis/example/graph-eps-converted-to.pdf>]

Package Fancyhdr Warning: \headheight is too small (12.0pt): 
 Make it at least 16.72504pt.
 We now make it that large for the rest of the document.
 This may cause the page layout to be inconsistent, however.

[17])

Package Fancyhdr Warning: \headheight is too small (12.0pt): 
 Make it at least 16.72504pt.
 We now make it that large for the rest of the document.
 This may cause the page layout to be inconsistent, however.

[18] (E:\Thesis\MasterThesis\pp2hop.tex
µ⁄\CJKnumber {4}’¬ 4.

Overfull \hbox (6.98006pt too wide) in paragraph at lines 12--15
[]\C19/song/m/it/12/40 È \C19/song/m/it/12/62 u \C19/song/m/it/12/42 â \C19/son
g/m/it/12/40 Ω  \C19/song/m/it/12/61 ò \C19/song/m/it/12/42 á \C19/song/m/it/1
2/57 „$\OML/cmm/m/it/12 G$\C19/song/m/it/12/40 $\OT1/cmtt/m/n/12 2$\OT1/cmr/m/
it/12 -$[]$\C19/song/m/it/12/56 ¢ \C19/song/m/it/12/61 ⁄|\C19/song/m/it/12/26 ß
| $\OML/cmm/m/it/12 I[] \OT1/cmr/m/n/12 = \OMS/cmsy/m/n/12 8\OML/cmm/m/it/12 u;
 v; max\OT1/cmr/m/n/12 (\OMS/cmsy/m/n/12 j[]\OT1/cmr/m/n/12 (\OML/cmm/m/it/12 u
\OT1/cmr/m/n/12 ) \OMS/cmsy/m/n/12 \ []\OT1/cmr/m/n/12 (\OML/cmm/m/it/12 v\OT1/
cmr/m/n/12 )\OMS/cmsy/m/n/12 j\OT1/cmr/m/n/12 )$|\C19/song/m/it/12/26 ß|
 []


Package Fancyhdr Warning: \headheight is too small (12.0pt): 
 Make it at least 16.72504pt.
 We now make it that large for the rest of the document.
 This may cause the page layout to be inconsistent, however.

[19



]
Package epstopdf Info: Source file: <./example/opt.eps>
(epstopdf)                    date: 2013-11-01 12:01:55
(epstopdf)                    size: 167203 bytes
(epstopdf)             Output file: <./example/opt-eps-converted-to.pdf>
(epstopdf)                    date: 2014-03-22 11:41:44
(epstopdf)                    size: 18332 bytes
(epstopdf)             Command: <epstopdf --outfile=./example/opt-eps-converted
-to.pdf ./example/opt.eps>
(epstopdf)             \includegraphics on input line 47.
Package epstopdf Info: Output file is already uptodate.
 <./example/opt-eps-converted-to.pdf, id=344, 294.09875pt x 52.195pt>
File: ./example/opt-eps-converted-to.pdf Graphic file (type pdf)

<use ./example/opt-eps-converted-to.pdf>
Package pdftex.def Info: ./example/opt-eps-converted-to.pdf used on input line 
47.
(pdftex.def)             Requested size: 398.34pt x 71.14114pt.
<<c1974.cmap>>

Package Fancyhdr Warning: \headheight is too small (12.0pt): 
 Make it at least 16.72504pt.
 We now make it that large for the rest of the document.
 This may cause the page layout to be inconsistent, however.

[20 <E:/Thesis/MasterThesis/example/opt-eps-converted-to.pdf>]
LaTeX Font Info:    Font shape `OMS/cmr/m/it' in size <12> not available
(Font)              Font shape `OMS/cmsy/m/n' tried instead on input line 76.


LaTeX Warning: File ot147.cmap not found on input line 92.


Package Fancyhdr Warning: \headheight is too small (12.0pt): 
 Make it at least 16.72504pt.
 We now make it that large for the rest of the document.
 This may cause the page layout to be inconsistent, however.

[21]

Package Fancyhdr Warning: \headheight is too small (12.0pt): 
 Make it at least 16.72504pt.
 We now make it that large for the rest of the document.
 This may cause the page layout to be inconsistent, however.

[22]

LaTeX Warning: File ot156.cmap not found on input line 146.


Package Fancyhdr Warning: \headheight is too small (12.0pt): 
 Make it at least 16.72504pt.
 We now make it that large for the rest of the document.
 This may cause the page layout to be inconsistent, however.

[23]
Package epstopdf Info: Source file: <./example/2hop.eps>
(epstopdf)                    date: 2013-05-17 12:09:37
(epstopdf)                    size: 82522 bytes
(epstopdf)             Output file: <./example/2hop-eps-converted-to.pdf>
(epstopdf)                    date: 2014-03-20 16:05:56
(epstopdf)                    size: 10773 bytes
(epstopdf)             Command: <epstopdf --outfile=./example/2hop-eps-converte
d-to.pdf ./example/2hop.eps>
(epstopdf)             \includegraphics on input line 150.
Package epstopdf Info: Output file is already uptodate.
 <./example/2hop-eps-converted-to.pdf, id=417, 194.7275pt x 69.25874pt>
File: ./example/2hop-eps-converted-to.pdf Graphic file (type pdf)

<use ./example/2hop-eps-converted-to.pdf>
Package pdftex.def Info: ./example/2hop-eps-converted-to.pdf used on input line
 150.
(pdftex.def)             Requested size: 284.53746pt x 113.8112pt.

Overfull \hbox (12.20265pt too wide) in paragraph at lines 160--162
$[]$$\OT1/cmr/m/n/12 (2 \OMS/cmsy/m/n/12   \OT1/cmr/m/n/12 6)$\C19/song/m/it/12
/64 •|\C19/song/m/it/12/25 "| \C19/song/m/it/12/63 3 \C19/song/m/it/12/46  \C1
9/song/m/it/12/59 e \C19/song/m/it/12/48 5 \C19/song/m/it/12/40  \C19/song/m/i
t/12/45 A \C19/song/m/it/12/39 g \C19/song/m/it/12/60 Ã \C19/song/m/it/12/44 Ç 
\C19/song/m/it/12/64 •|\C19/song/m/it/12/26 ß| \OT1/cmtt/m/n/12 unifyIS\C19/son
g/m/it/12/57 V \C19/song/m/it/12/45 \ \C19/song/m/it/12/49 
 \C19/song/m/it/12/60 # \C19/song/m/it/12/40  \C19/song/m/it/12/39 ì \C19/song
/m/it/12/48 n \C19/song/m/it/12/46 ! \C19/song/m/it/12/40 :$\OT1/cmr/m/n/12 8$\
C19/song/m/it/12/43 ⁄$\OT1/cmr/m/n/12 9$\C19/song/m/it/12/40 $[]$$\OT1/cmr/m/n
/12 (0)$
 []


Package Fancyhdr Warning: \headheight is too small (12.0pt): 
 Make it at least 16.72504pt.
 We now make it that large for the rest of the document.
 This may cause the page layout to be inconsistent, however.

[24 <E:/Thesis/MasterThesis/example/2hop-eps-converted-to.pdf>]

Package Fancyhdr Warning: \headheight is too small (12.0pt): 
 Make it at least 16.72504pt.
 We now make it that large for the rest of the document.
 This may cause the page layout to be inconsistent, however.

[25]
Package epstopdf Info: Source file: <./example/split.eps>
(epstopdf)                    date: 2013-05-17 12:01:18
(epstopdf)                    size: 130283 bytes
(epstopdf)             Output file: <./example/split-eps-converted-to.pdf>
(epstopdf)                    date: 2014-03-22 20:13:31
(epstopdf)                    size: 16121 bytes
(epstopdf)             Command: <epstopdf --outfile=./example/split-eps-convert
ed-to.pdf ./example/split.eps>
(epstopdf)             \includegraphics on input line 216.
Package epstopdf Info: Output file is already uptodate.
 <./example/split-eps-converted-to.pdf, id=440, 206.7725pt x 65.24374pt>
File: ./example/split-eps-converted-to.pdf Graphic file (type pdf)

<use ./example/split-eps-converted-to.pdf>
Package pdftex.def Info: ./example/split-eps-converted-to.pdf used on input lin
e 216.
(pdftex.def)             Requested size: 313.01334pt x 99.58664pt.


Package Fancyhdr Warning: \headheight is too small (12.0pt): 
 Make it at least 16.72504pt.
 We now make it that large for the rest of the document.
 This may cause the page layout to be inconsistent, however.

[26 <E:/Thesis/MasterThesis/example/split-eps-converted-to.pdf>]

Package Fancyhdr Warning: \headheight is too small (12.0pt): 
 Make it at least 16.72504pt.
 We now make it that large for the rest of the document.
 This may cause the page layout to be inconsistent, however.

[27]
Overfull \hbox (11.49704pt too wide) in paragraph at lines 249--252
\C19/song/m/it/12/61 ⁄ \C19/song/m/it/12/46 “ \C19/song/m/it/12/55 ¥ \C19/song/
m/it/12/40 È \C19/song/m/it/12/62 u \C19/song/m/it/12/57 „ \C19/song/m/it/12/64
 • \C19/song/m/it/12/50 z \C19/song/m/it/12/42 á \C19/song/m/it/12/45 \ \C19/so
ng/m/it/12/50 ó \C19/song/m/it/12/40  ∫ :$\OML/cmm/m/it/12 u[]$|\C19/song/m/it
/12/26 ß| $\OML/cmm/m/it/12 u[] \OT1/cmr/m/n/12 = \OML/cmm/m/it/12 h[]\OT1/cmr/
m/n/12 (\OML/cmm/m/it/12 u\OT1/cmr/m/n/12 )$ \C19/song/m/it/12/40 — \C19/song/m
/it/12/39 ë \C19/song/m/it/12/62 k \C19/song/m/it/12/48 ¸ \C19/song/m/it/12/42 
á \C19/song/m/it/12/45 \ \C19/song/m/it/12/50 ó \C19/song/m/it/12/40  \C19/son
g/m/it/12/45 8 \C19/song/m/it/12/43 ‹$[]\OT1/cmr/m/n/12 (\OML/cmm/m/it/12 u\OT1
/cmr/m/n/12 )$\C19/song/m/it/12/43 ⁄ 
 []


Overfull \hbox (10.38832pt too wide) in paragraph at lines 249--252
$[]\OT1/cmr/m/n/12 (\OML/cmm/m/it/12 u\OT1/cmr/m/n/12 )$$($\C19/song/m/it/12/45
 P \C19/song/m/it/12/65 X$[]\OT1/cmr/m/n/12 (\OML/cmm/m/it/12 u\OT1/cmr/m/n/12 
)$|\C19/song/m/it/12/26 ß| $[]\OT1/cmr/m/n/12 (\OML/cmm/m/it/12 u\OT1/cmr/m/n/1
2 )$$)$\C19/song/m/it/12/37 L \C19/song/m/it/12/55 ´ \C19/song/m/it/12/40 ∫ :$\
OML/cmm/m/it/12 u$\C19/song/m/it/12/40  \C19/song/m/it/12/47 å \C19/song/m/it/
12/39 à \C19/song/m/it/12/60 5 & \C19/song/m/it/12/59 E|\C19/song/m/it/12/25 "|
 \C19/song/m/it/12/52 Ÿ \C19/song/m/it/12/64 • \C19/song/m/it/12/40 È \C19/song
/m/it/12/62 u \C19/song/m/it/12/45 8 \C19/song/m/it/12/43 ‹$[]\OT1/cmr/m/n/12 (
\OML/cmm/m/it/12 u\OT1/cmr/m/n/12 )$|\C19/song/m/it/12/26 ß|
 []


Package Fancyhdr Warning: \headheight is too small (12.0pt): 
 Make it at least 16.72504pt.
 We now make it that large for the rest of the document.
 This may cause the page layout to be inconsistent, however.

[28]

Package Fancyhdr Warning: \headheight is too small (12.0pt): 
 Make it at least 16.72504pt.
 We now make it that large for the rest of the document.
 This may cause the page layout to be inconsistent, however.

[29]

Package Fancyhdr Warning: \headheight is too small (12.0pt): 
 Make it at least 16.72504pt.
 We now make it that large for the rest of the document.
 This may cause the page layout to be inconsistent, however.

[30]
Overfull \hbox (0.27104pt too wide) in paragraph at lines 338--339
[]\C19/song/m/n/12/63 3 \C19/song/m/n/12/55 ¢ \C19/song/m/n/12/45 S \C19/song/m
/n/12/53 ú \C19/song/m/n/12/47 π \C19/song/m/n/12/64 •|\C19/song/m/n/12/26 ß| $
\OML/cmm/m/it/12 $\C19/song/m/n/12/37 ÿ 7 \C19/song/m/n/12/61 á \C19/song/m/n/
12/60 Ó \C19/song/m/n/12/42 Ç \C19/song/m/n/12/40  \C19/song/m/n/12/55  \C19/
song/m/n/12/64 ò \C19/song/m/n/12/58 è\OT1/cmr/m/n/12 0|\C19/song/m/n/12/26 ß| 
\C19/song/m/n/12/61 œ \C19/song/m/n/12/58 è ∑ \C19/song/m/n/12/50 Ç \C19/song/m
/n/12/48 | \C19/song/m/n/12/62 ^ \C19/song/m/n/12/56 é \C19/song/m/n/12/41 { \C
19/song/m/n/12/59 ï$[]$\C19/song/m/n/12/43 ⁄$[]$\C19/song/m/n/12/64 •
 []


Package Fancyhdr Warning: \headheight is too small (12.0pt): 
 Make it at least 16.72504pt.
 We now make it that large for the rest of the document.
 This may cause the page layout to be inconsistent, however.

[31]

Package Fancyhdr Warning: \headheight is too small (12.0pt): 
 Make it at least 16.72504pt.
 We now make it that large for the rest of the document.
 This may cause the page layout to be inconsistent, however.

[32]

Package Fancyhdr Warning: \headheight is too small (12.0pt): 
 Make it at least 16.72504pt.
 We now make it that large for the rest of the document.
 This may cause the page layout to be inconsistent, however.

[33]
Overfull \hbox (7.43561pt too wide) in paragraph at lines 445--446
\C19/song/m/n/12/40 $\OML/cmm/m/it/12 I[]$\C19/song/m/n/12/57 ^ \C19/song/m/n/
12/45 á \C19/song/m/n/12/59 e \C19/song/m/n/12/40  \C19/song/m/n/12/60  \C19/
song/m/n/12/43 J|\C19/song/m/n/12/25 "| \C19/song/m/n/12/63 3 \C19/song/m/n/12/
37 L \OT1/cmr/m/n/12 4.4[]\C19/song/m/n/12/64 • \C19/song/m/n/12/58 ∑ \C19/song
/m/n/12/50 Ç \C19/song/m/n/12/63 – \C19/song/m/n/12/59 y \C19/song/m/n/12/49 
 \C19/song/m/n/12/40 È \C19/song/m/n/12/62 u \C19/song/m/n/12/63 3 \C19/song/m/
n/12/37 ÿ \C19/song/m/n/12/57 ” \C19/song/m/n/12/40  \C19/song/m/n/12/53 ú \C1
9/song/m/n/12/47 π \C19/song/m/n/12/59 e|\C19/song/m/n/12/26 ß| \C19/song/m/n/1
2/48 | \C19/song/m/n/12/62 ^\OT1/cmtt/m/n/12 unifyIS\C19/song/m/n/12/56 é
 []


LaTeX Warning: `h' float specifier changed to `ht'.


Package Fancyhdr Warning: \headheight is too small (12.0pt): 
 Make it at least 16.72504pt.
 We now make it that large for the rest of the document.
 This may cause the page layout to be inconsistent, however.

[34]

LaTeX Warning: `h' float specifier changed to `ht'.


LaTeX Warning: `h' float specifier changed to `ht'.


Package Fancyhdr Warning: \headheight is too small (12.0pt): 
 Make it at least 16.72504pt.
 We now make it that large for the rest of the document.
 This may cause the page layout to be inconsistent, however.

[35])

Package Fancyhdr Warning: \headheight is too small (12.0pt): 
 Make it at least 16.72504pt.
 We now make it that large for the rest of the document.
 This may cause the page layout to be inconsistent, however.

[36] (E:\Thesis\MasterThesis\muihop.tex
µ⁄\CJKnumber {5}’¬ 5.
Package epstopdf Info: Source file: <./example/mui2hop.eps>
(epstopdf)                    date: 2014-02-16 23:56:20
(epstopdf)                    size: 65021 bytes
(epstopdf)             Output file: <./example/mui2hop-eps-converted-to.pdf>
(epstopdf)                    date: 2014-03-24 20:14:56
(epstopdf)                    size: 9666 bytes
(epstopdf)             Command: <epstopdf --outfile=./example/mui2hop-eps-conve
rted-to.pdf ./example/mui2hop.eps>
(epstopdf)             \includegraphics on input line 32.
Package epstopdf Info: Output file is already uptodate.
<./example/mui2hop-eps-converted-to.pdf, id=498, 194.7275pt x 70.2625pt>
File: ./example/mui2hop-eps-converted-to.pdf Graphic file (type pdf)

<use ./example/mui2hop-eps-converted-to.pdf>
Package pdftex.def Info: ./example/mui2hop-eps-converted-to.pdf used on input l
ine 32.
(pdftex.def)             Requested size: 284.53746pt x 113.81816pt.


Package Fancyhdr Warning: \headheight is too small (12.0pt): 
 Make it at least 16.72504pt.
 We now make it that large for the rest of the document.
 This may cause the page layout to be inconsistent, however.

[37



]

Package Fancyhdr Warning: \headheight is too small (12.0pt): 
 Make it at least 16.72504pt.
 We now make it that large for the rest of the document.
 This may cause the page layout to be inconsistent, however.

[38 <E:/Thesis/MasterThesis/example/mui2hop-eps-converted-to.pdf>]

Package Fancyhdr Warning: \headheight is too small (12.0pt): 
 Make it at least 16.72504pt.
 We now make it that large for the rest of the document.
 This may cause the page layout to be inconsistent, however.

[39]

Package Fancyhdr Warning: \headheight is too small (12.0pt): 
 Make it at least 16.72504pt.
 We now make it that large for the rest of the document.
 This may cause the page layout to be inconsistent, however.

[40]

Package Fancyhdr Warning: \headheight is too small (12.0pt): 
 Make it at least 16.72504pt.
 We now make it that large for the rest of the document.
 This may cause the page layout to be inconsistent, however.

[41]

Package Fancyhdr Warning: \headheight is too small (12.0pt): 
 Make it at least 16.72504pt.
 We now make it that large for the rest of the document.
 This may cause the page layout to be inconsistent, however.

[42])

Package Fancyhdr Warning: \headheight is too small (12.0pt): 
 Make it at least 16.72504pt.
 We now make it that large for the rest of the document.
 This may cause the page layout to be inconsistent, however.

[43] (E:\Thesis\MasterThesis\conclusion.tex
µ⁄\CJKnumber {6}’¬ 6.
)

Package Fancyhdr Warning: \headheight is too small (12.0pt): 
 Make it at least 16.72504pt.
 We now make it that large for the rest of the document.
 This may cause the page layout to be inconsistent, however.

[44



] (E:\Thesis\MasterThesis\thesis.bbl

Package Fancyhdr Warning: \headheight is too small (12.0pt): 
 Make it at least 16.72504pt.
 We now make it that large for the rest of the document.
 This may cause the page layout to be inconsistent, however.

[45


]
Underfull \hbox (badness 10000) in paragraph at lines 130--133
[]\OT1/cmr/m/n/12 Informatics Out-sourc-ing.  Out-sourc-ing So-lu-tion Ser-vice
.
 []


Package Fancyhdr Warning: \headheight is too small (12.0pt): 
 Make it at least 16.72504pt.
 We now make it that large for the rest of the document.
 This may cause the page layout to be inconsistent, however.

[46]

Package Fancyhdr Warning: \headheight is too small (12.0pt): 
 Make it at least 16.72504pt.
 We now make it that large for the rest of the document.
 This may cause the page layout to be inconsistent, however.

[47]

Package Fancyhdr Warning: \headheight is too small (12.0pt): 
 Make it at least 16.72504pt.
 We now make it that large for the rest of the document.
 This may cause the page layout to be inconsistent, however.

[48])

Package Fancyhdr Warning: \headheight is too small (12.0pt): 
 Make it at least 16.72504pt.
 We now make it that large for the rest of the document.
 This may cause the page layout to be inconsistent, however.

[49] (E:\Thesis\MasterThesis\paper.tex<<c1976.cmap>>)

Package Fancyhdr Warning: \headheight is too small (12.0pt): 
 Make it at least 16.72504pt.
 We now make it that large for the rest of the document.
 This may cause the page layout to be inconsistent, however.

[50


] (E:\Thesis\MasterThesis\ack.tex<<c1972.cmap>><<c1982.cmap>>)

Package Fancyhdr Warning: \headheight is too small (12.0pt): 
 Make it at least 16.72504pt.
 We now make it that large for the rest of the document.
 This may cause the page layout to be inconsistent, however.

[51



] <sign.pdf, id=569, page=1, 611.28375pt x 845.1575pt>
File: sign.pdf Graphic file (type pdf)

<use sign.pdf, page 1>
Package pdftex.def Info: sign.pdf, page1 used on input line 149.
(pdftex.def)             Requested size: 611.28226pt x 845.15544pt.
File: sign.pdf Graphic file (type pdf)
 <use sign.pdf, page 1>
Package pdftex.def Info: sign.pdf, page1 used on input line 149.
(pdftex.def)             Requested size: 597.77614pt x 826.48195pt.
File: sign.pdf Graphic file (type pdf)
 <use sign.pdf, page 1>
Package pdftex.def Info: sign.pdf, page1 used on input line 149.
(pdftex.def)             Requested size: 597.77614pt x 826.48195pt.
File: sign.pdf Graphic file (type pdf)

<use sign.pdf, page 1>
Package pdftex.def Info: sign.pdf, page1 used on input line 149.
(pdftex.def)             Requested size: 597.77614pt x 826.48195pt.
File: sign.pdf Graphic file (type pdf)
 <use sign.pdf, page 1>
Package pdftex.def Info: sign.pdf, page1 used on input line 149.
(pdftex.def)             Requested size: 597.77614pt x 826.48195pt.
 [52

 <E:/Thesis/MasterThesis/sign.pdf>] (E:\Thesis\MasterThesis\thesis.aux (E:\Thes
is\MasterThesis\abstract.aux)
(E:\Thesis\MasterThesis\eabstract.aux) (E:\Thesis\MasterThesis\introduction.aux
) (E:\Thesis\MasterThesis\relatedwork.aux)
(E:\Thesis\MasterThesis\problemoverview.aux) (E:\Thesis\MasterThesis\pp2hop.aux
) (E:\Thesis\MasterThesis\muihop.aux) (E:\Thesis\MasterThesis\conclusion.aux)
(E:\Thesis\MasterThesis\paper.aux) (E:\Thesis\MasterThesis\ack.aux))

LaTeX Warning: There were multiply-defined labels.

 ) 
Here is how much of TeX's memory you used:
 8912 strings out of 495354
 136524 string characters out of 3182739
 214526 words of memory out of 3000000
 11400 multiletter control sequences out of 15000+200000
 77962 words of font info for 276 fonts, out of 3000000 for 9000
 14 hyphenation exceptions out of 8191
 42i,18n,51p,1528b,730s stack positions out of 5000i,500n,10000p,200000b,50000s
<D:/Program Files (x86)/CTEX/CTeX/fonts/truetype/chinese/simsun.ttf><D:/Progr
am Files (x86)/CTEX/CTeX/fonts/truetype/chinese/simsun.ttf><D:/Program Files (x
86)/CTEX/CTeX/fonts/truetype/chinese/simsun.ttf><C:/Windows/Fonts/simhei.ttf><C
:/Windows/Fonts/simhei.ttf><D:/Program Files (x86)/CTEX/CTeX/fonts/truetype/chi
nese/simsun.ttf><D:/Program Files (x86)/CTEX/CTeX/fonts/truetype/chinese/simsun
.ttf><D:/Program Files (x86)/CTEX/CTeX/fonts/truetype/chinese/simsun.ttf><D:/Pr
ogram Files (x86)/CTEX/CTeX/fonts/truetype/chinese/simsun.ttf><D:/Program Files
 (x86)/CTEX/CTeX/fonts/truetype/chinese/simsun.ttf><D:/Program Files (x86)/CTEX
/CTeX/fonts/truetype/chinese/simsun.ttf><D:/Program Files (x86)/CTEX/CTeX/fonts
/truetype/chinese/simsun.ttf><D:/Program Files (x86)/CTEX/CTeX/fonts/truetype/c
hinese/simsun.ttf><D:/Program Files (x86)/CTEX/CTeX/fonts/truetype/chinese/sims
un.ttf><D:/Program Files (x86)/CTEX/CTeX/fonts/truetype/chinese/simsun.ttf><D:/
Program Files (x86)/CTEX/CTeX/fonts/truetype/chinese/simsun.ttf><D:/Program Fil
es (x86)/CTEX/CTeX/fonts/truetype/chinese/simsun.ttf><D:/Program Files (x86)/CT
EX/CTeX/fonts/truetype/chinese/simsun.ttf><D:/Program Files (x86)/CTEX/CTeX/fon
ts/truetype/chinese/simsun.ttf><D:/Program Files (x86)/CTEX/CTeX/fonts/truetype
/chinese/simsun.ttf><D:/Program Files (x86)/CTEX/CTeX/fonts/truetype/chinese/si
msun.ttf><D:/Program Files (x86)/CTEX/CTeX/fonts/truetype/chinese/simsun.ttf><D
:/Program Files (x86)/CTEX/CTeX/fonts/truetype/chinese/simsun.ttf><D:/Program F
iles (x86)/CTEX/CTeX/fonts/truetype/chinese/simsun.ttf><D:/Program Files (x86)/
CTEX/CTeX/fonts/truetype/chinese/simsun.ttf><D:/Program Files (x86)/CTEX/CTeX/f
onts/truetype/chinese/simsun.ttf><D:/Program Files (x86)/CTEX/CTeX/fonts/truety
pe/chinese/simsun.ttf><D:/Program Files (x86)/CTEX/CTeX/fonts/truetype/chinese/
simsun.ttf><D:/Program Files (x86)/CTEX/CTeX/fonts/truetype/chinese/simsun.ttf>
<D:/Program Files (x86)/CTEX/CTeX/fonts/truetype/chinese/simsun.ttf><D:/Program
 Files (x86)/CTEX/CTeX/fonts/truetype/chinese/simsun.ttf><D:/Program Files (x86
)/CTEX/CTeX/fonts/truetype/chinese/simsun.ttf><D:/Program Files (x86)/CTEX/CTeX
/fonts/truetype/chinese/simsun.ttf><D:/Program Files (x86)/CTEX/CTeX/fonts/true
type/chinese/simsun.ttf><D:/Program Files (x86)/CTEX/CTeX/fonts/truetype/chines
e/simsun.ttf><D:/Program Files (x86)/CTEX/CTeX/fonts/truetype/chinese/simsun.tt
f><D:/Program Files (x86)/CTEX/CTeX/fonts/truetype/chinese/simsun.ttf><D:/Progr
am Files (x86)/CTEX/CTeX/fonts/truetype/chinese/simsun.ttf><C:/Windows/Fonts/si
mhei.ttf><C:/Windows/Fonts/simhei.ttf><C:/Windows/Fonts/simhei.ttf><C:/Windows/
Fonts/simhei.ttf><D:/Program Files (x86)/CTEX/CTeX/fonts/truetype/chinese/simsu
n.ttf><D:/Program Files (x86)/CTEX/CTeX/fonts/truetype/chinese/simsun.ttf><D:/P
rogram Files (x86)/CTEX/CTeX/fonts/truetype/chinese/simsun.ttf><D:/Program File
s (x86)/CTEX/CTeX/fonts/truetype/chinese/simsun.ttf><D:/Program Files (x86)/CTE
X/CTeX/fonts/truetype/chinese/simsun.ttf><C:/Windows/Fonts/simhei.ttf><C:/Windo
ws/Fonts/simhei.ttf><D:/Program Files (x86)/CTEX/CTeX/fonts/truetype/chinese/si
msun.ttf><D:/Program Files (x86)/CTEX/CTeX/fonts/truetype/chinese/simsun.ttf><D
:/Program Files (x86)/CTEX/CTeX/fonts/truetype/chinese/simsun.ttf><C:/Windows/F
onts/simhei.ttf><C:/Windows/Fonts/simhei.ttf><C:/Windows/Fonts/simhei.ttf><C:/W
indows/Fonts/simhei.ttf><C:/Windows/Fonts/simhei.ttf><C:/Windows/Fonts/simhei.t
tf><C:/Windows/Fonts/simhei.ttf><C:/Windows/Fonts/simhei.ttf><C:/Windows/Fonts/
simhei.ttf><C:/Windows/Fonts/simhei.ttf><C:/Windows/Fonts/simhei.ttf><D:/Progra
m Files (x86)/CTEX/CTeX/fonts/truetype/chinese/simsun.ttf><D:/Program Files (x8
6)/CTEX/CTeX/fonts/truetype/chinese/simsun.ttf><D:/Program Files (x86)/CTEX/CTe
X/fonts/truetype/chinese/simsun.ttf><D:/Program Files (x86)/CTEX/CTeX/fonts/tru
etype/chinese/simsun.ttf><D:/Program Files (x86)/CTEX/CTeX/fonts/truetype/chine
se/simsun.ttf><C:/Windows/Fonts/simhei.ttf><C:/Windows/Fonts/simhei.ttf><C:/Win
dows/Fonts/simhei.ttf><C:/Windows/Fonts/simhei.ttf><C:/Windows/Fonts/simhei.ttf
><D:/Program Files (x86)/CTEX/CTeX/fonts/truetype/chinese/simsun.ttf><D:/Progra
m Files (x86)/CTEX/CTeX/fonts/truetype/chinese/simsun.ttf><D:/Program Files (x8
6)/CTEX/CTeX/fonts/truetype/chinese/simsun.ttf><D:/Program Files (x86)/CTEX/CTe
X/fonts/truetype/chinese/simsun.ttf><C:/Windows/Fonts/simhei.ttf><C:/Windows/Fo
nts/simhei.ttf><C:/Windows/Fonts/simhei.ttf><C:/Windows/Fonts/simhei.ttf><C:/Wi
ndows/Fonts/simhei.ttf><C:/Windows/Fonts/simhei.ttf><D:/Program Files (x86)/CTE
X/CTeX/fonts/truetype/chinese/simsun.ttf><D:/Program Files (x86)/CTEX/CTeX/font
s/truetype/chinese/simsun.ttf><D:/Program Files (x86)/CTEX/CTeX/fonts/truetype/
chinese/simsun.ttf><D:/Program Files (x86)/CTEX/CTeX/fonts/truetype/chinese/sim
sun.ttf><D:/Program Files (x86)/CTEX/CTeX/fonts/truetype/chinese/simsun.ttf><D:
/Program Files (x86)/CTEX/CTeX/fonts/truetype/chinese/simsun.ttf><D:/Program Fi
les (x86)/CTEX/CTeX/fonts/truetype/chinese/simsun.ttf><D:/Program Files (x86)/C
TEX/CTeX/fonts/truetype/chinese/simsun.ttf><D:/Program Files (x86)/CTEX/CTeX/fo
nts/truetype/chinese/simsun.ttf><D:/Program Files (x86)/CTEX/CTeX/fonts/truetyp
e/chinese/simsun.ttf><D:/Program Files (x86)/CTEX/CTeX/fonts/truetype/chinese/s
imsun.ttf><D:/Program Files (x86)/CTEX/CTeX/fonts/truetype/chinese/simsun.ttf><
D:/Program Files (x86)/CTEX/CTeX/fonts/truetype/chinese/simsun.ttf><D:/Program 
Files (x86)/CTEX/CTeX/fonts/truetype/chinese/simsun.ttf><D:/Program Files (x86)
/CTEX/CTeX/fonts/truetype/chinese/simsun.ttf><D:/Program Files (x86)/CTEX/MiKTe
X/fonts/type1/public/amsfonts/cm/cmbx12.pfb><D:/Program Files (x86)/CTEX/MiKTeX
/fonts/type1/public/amsfonts/cm/cmbx8.pfb><D:/Program Files (x86)/CTEX/MiKTeX/f
onts/type1/public/amsfonts/cm/cmcsc10.pfb><D:/Program Files (x86)/CTEX/MiKTeX/f
onts/type1/public/amsfonts/cm/cmex10.pfb><D:/Program Files (x86)/CTEX/MiKTeX/fo
nts/type1/public/amsfonts/cm/cmmi10.pfb><D:/Program Files (x86)/CTEX/MiKTeX/fon
ts/type1/public/amsfonts/cm/cmmi12.pfb><D:/Program Files (x86)/CTEX/MiKTeX/font
s/type1/public/amsfonts/cm/cmmi6.pfb><D:/Program Files (x86)/CTEX/MiKTeX/fonts/
type1/public/amsfonts/cm/cmmi8.pfb><D:/Program Files (x86)/CTEX/MiKTeX/fonts/ty
pe1/public/amsfonts/cm/cmmi9.pfb><D:/Program Files (x86)/CTEX/MiKTeX/fonts/type
1/public/amsfonts/cm/cmr10.pfb><D:/Program Files (x86)/CTEX/MiKTeX/fonts/type1/
public/amsfonts/cm/cmr12.pfb><D:/Program Files (x86)/CTEX/MiKTeX/fonts/type1/pu
blic/amsfonts/cm/cmr5.pfb><D:/Program Files (x86)/CTEX/MiKTeX/fonts/type1/publi
c/amsfonts/cm/cmr6.pfb><D:/Program Files (x86)/CTEX/MiKTeX/fonts/type1/public/a
msfonts/cm/cmr7.pfb><D:/Program Files (x86)/CTEX/MiKTeX/fonts/type1/public/amsf
onts/cm/cmr8.pfb><D:/Program Files (x86)/CTEX/MiKTeX/fonts/type1/public/amsfont
s/cm/cmr9.pfb><D:/Program Files (x86)/CTEX/MiKTeX/fonts/type1/public/amsfonts/c
m/cmsl8.pfb><D:/Program Files (x86)/CTEX/MiKTeX/fonts/type1/public/amsfonts/cm/
cmsy10.pfb><D:/Program Files (x86)/CTEX/MiKTeX/fonts/type1/public/amsfonts/cm/c
msy6.pfb><D:/Program Files (x86)/CTEX/MiKTeX/fonts/type1/public/amsfonts/cm/cms
y8.pfb><D:/Program Files (x86)/CTEX/MiKTeX/fonts/type1/public/amsfonts/cm/cmsy9
.pfb><D:/Program Files (x86)/CTEX/MiKTeX/fonts/type1/public/amsfonts/cm/cmti12.
pfb><D:/Program Files (x86)/CTEX/MiKTeX/fonts/type1/public/amsfonts/cm/cmtt10.p
fb><D:/Program Files (x86)/CTEX/MiKTeX/fonts/type1/public/amsfonts/cm/cmtt12.pf
b><D:/Program Files (x86)/CTEX/MiKTeX/fonts/type1/public/amsfonts/cm/cmtt8.pfb>
<D:/Program Files (x86)/CTEX/MiKTeX/fonts/type1/public/amsfonts/cm/cmtt9.pfb><D
:/Program Files (x86)/CTEX/MiKTeX/fonts/type1/public/amsfonts/symbols/msam10.pf
b>
Output written on thesis.pdf (56 pages, 4918079 bytes).
PDF statistics:
 935 PDF objects out of 1000 (max. 8388607)
 0 named destinations out of 1000 (max. 500000)
 221 words of extra memory for PDF output out of 10000 (max. 10000000)

